Copyright 1986-2022 Xilinx, Inc. All Rights Reserved.
------------------------------------------------------------------------------------
| Tool Version : Vivado v.2022.2 (win64) Build 3671981 Fri Oct 14 05:00:03 MDT 2022
| Date         : Thu Dec  7 20:35:03 2023
| Host         : LAPTOP-H1858A6E running 64-bit major release  (build 9200)
| Command      : upgrade_ip
| Device       : xc7a75tfgg484-1
------------------------------------------------------------------------------------

Upgrade Log for IP 'fifo_8_sys'

1. Summary
----------

SUCCESS in the upgrade of fifo_8_sys (xilinx.com:ip:fifo_generator:13.2) from (Rev. 4) to (Rev. 7)






Copyright 1986-2022 Xilinx, Inc. All Rights Reserved.
------------------------------------------------------------------------------------
| Tool Version : Vivado v.2022.2 (win64) Build 3671981 Fri Oct 14 05:00:03 MDT 2022
| Date         : Thu Dec  7 20:33:02 2023
| Host         : LAPTOP-H1858A6E running 64-bit major release  (build 9200)
| Command      : upgrade_ip
| Device       : xc7a75tfgg484-1
------------------------------------------------------------------------------------

Upgrade Log for IP 'fifo_wr_64_64'

1. Summary
----------

SUCCESS in the upgrade of fifo_wr_64_64 (xilinx.com:ip:fifo_generator:13.2) from (Rev. 4) to (Rev. 7)






Copyright 1986-2022 Xilinx, Inc. All Rights Reserved.
------------------------------------------------------------------------------------
| Tool Version : Vivado v.2022.2 (win64) Build 3671981 Fri Oct 14 05:00:03 MDT 2022
| Date         : Thu Dec  7 20:33:02 2023
| Host         : LAPTOP-H1858A6E running 64-bit major release  (build 9200)
| Command      : upgrade_ip
| Device       : xc7a75tfgg484-1
------------------------------------------------------------------------------------

Upgrade Log for IP 'fifo_rd_64_8'

1. Summary
----------

SUCCESS in the upgrade of fifo_rd_64_8 (xilinx.com:ip:fifo_generator:13.2) from (Rev. 4) to (Rev. 7)

