#-----------------------------------------------------------
# Vivado v2022.2 (64-bit)
# SW Build 3671981 on Fri Oct 14 05:00:03 MDT 2022
# IP Build 3669848 on Fri Oct 14 08:30:02 MDT 2022
# Start of session at: Tue Jan  9 14:42:01 2024
# Process ID: 16324
# Current directory: D:/three_verilog/MIPI_DDR3_HDMI/prj/MIPI_DDR3_HDMI
# Command line: vivado.exe -gui_launcher_event rodinguilauncherevent19040 D:\three_verilog\MIPI_DDR3_HDMI\prj\MIPI_DDR3_HDMI\MIPI_DDR3_HDMI.xpr
# Log file: D:/three_verilog/MIPI_DDR3_HDMI/prj/MIPI_DDR3_HDMI/vivado.log
# Journal file: D:/three_verilog/MIPI_DDR3_HDMI/prj/MIPI_DDR3_HDMI\vivado.jou
# Running On: LAPTOP-H1858A6E, OS: Windows, CPU Frequency: 2688 MHz, CPU Physical cores: 14, Host memory: 16828 MB
#-----------------------------------------------------------
start_gui
open_project D:/three_verilog/MIPI_DDR3_HDMI/prj/MIPI_DDR3_HDMI/MIPI_DDR3_HDMI.xpr
WARNING: [Board 49-26] cannot add Board Part xilinx.com:vek280_es:part0:1.0 available at C:/Xilinx/Vivado/2022.2/data/xhub/boards/XilinxBoardStore/boards/Xilinx/vek280/es/1.0/board.xml as part xcve2802-vsvh1760-2lp-e-s-es1 specified in board_part file is either invalid or not available
WARNING: [Board 49-26] cannot add Board Part xilinx.com:vhk158_es:part0:1.0 available at C:/Xilinx/Vivado/2022.2/data/xhub/boards/XilinxBoardStore/boards/Xilinx/vhk158/es/1.0/board.xml as part xcvh1582-vsva3697-2mp-e-s-es1 specified in board_part file is either invalid or not available
WARNING: [Board 49-26] cannot add Board Part xilinx.com:vpk120_es:part0:1.2 available at C:/Xilinx/Vivado/2022.2/data/xhub/boards/XilinxBoardStore/boards/Xilinx/vpk120/es/1.2/board.xml as part xcvp1202-vsva2785-2mp-e-s-es1 specified in board_part file is either invalid or not available
WARNING: [Board 49-26] cannot add Board Part xilinx.com:vpk120_es_revb:part0:1.0 available at C:/Xilinx/Vivado/2022.2/data/xhub/boards/XilinxBoardStore/boards/Xilinx/vpk120_revb/es/1.0/board.xml as part xcvp1202-vsva2785-2mp-e-s-es1 specified in board_part file is either invalid or not available
WARNING: [Board 49-26] cannot add Board Part xilinx.com:vpk180_es:part0:1.0 available at C:/Xilinx/Vivado/2022.2/data/xhub/boards/XilinxBoardStore/boards/Xilinx/vpk180/es/1.0/board.xml as part xcvp1802-lsvc4072-2mp-e-s-es1 specified in board_part file is either invalid or not available
WARNING: [Board 49-26] cannot add Board Part xilinx.com:zcu208ld:part0:2.0 available at C:/Xilinx/Vivado/2022.2/data/xhub/boards/XilinxBoardStore/boards/Xilinx/zcu208ld/production/2.0/board.xml as part xczu58dr-fsvg1517-2-i specified in board_part file is either invalid or not available
WARNING: [Board 49-26] cannot add Board Part xilinx.com:zcu216ld:part0:2.0 available at C:/Xilinx/Vivado/2022.2/data/xhub/boards/XilinxBoardStore/boards/Xilinx/zcu216ld/production/2.0/board.xml as part xczu59dr-ffvf1760-2-i specified in board_part file is either invalid or not available
WARNING: [Board 49-26] cannot add Board Part xilinx.com:zcu670:part0:2.0 available at C:/Xilinx/Vivado/2022.2/data/xhub/boards/XilinxBoardStore/boards/Xilinx/zcu670/2.0/board.xml as part xczu67dr-fsve1156-2-i specified in board_part file is either invalid or not available
WARNING: [Board 49-26] cannot add Board Part xilinx.com:zcu670ld:part0:1.0 available at C:/Xilinx/Vivado/2022.2/data/xhub/boards/XilinxBoardStore/boards/Xilinx/zcu670ld/1.0/board.xml as part xczu57dr-fsve1156-2-i specified in board_part file is either invalid or not available
Scanning sources...
Finished scanning sources
INFO: [IP_Flow 19-234] Refreshing IP repositories
INFO: [IP_Flow 19-1700] Loaded user IP repository 'd:/three_verilog/fpga_IP_define'.
INFO: [IP_Flow 19-2313] Loaded Vivado IP repository 'C:/Xilinx/Vivado/2022.2/data/ip'.
open_project: Time (s): cpu = 00:00:05 ; elapsed = 00:00:12 . Memory (MB): peak = 2271.910 ; gain = 466.074
update_compile_order -fileset sources_1
open_hw_manager
connect_hw_server -allow_non_jtag
INFO: [Labtools 27-2285] Connecting to hw_server url TCP:localhost:3121
INFO: [Labtools 27-2222] Launching hw_server...
INFO: [Labtools 27-2221] Launch Output:

****** Xilinx hw_server v2022.2
  **** Build date : Oct 14 2022 at 05:18:10
    ** Copyright 1986-2022 Xilinx, Inc. All Rights Reserved.


INFO: [Labtools 27-3415] Connecting to cs_server url TCP:localhost:0
INFO: [Labtools 27-3417] Launching cs_server...
INFO: [Labtools 27-2221] Launch Output:


******** Xilinx cs_server v2022.2.0
  ****** Build date   : Oct 05 2022-07:25:37
    **** Build number : 2022.2.1664925937
      ** Copyright 2017-2024 Xilinx, Inc. All Rights Reserved.



open_hw_target
INFO: [Labtoolstcl 44-466] Opening hw_target localhost:3121/xilinx_tcf/Digilent/210299635414
ERROR: [Labtools 27-2269] No devices detected on target localhost:3121/xilinx_tcf/Digilent/210299635414.
Check cable connectivity and that the target board is powered up then
use the disconnect_hw_server and connect_hw_server to re-register this hardware target.
ERROR: [Common 17-39] 'open_hw_target' failed due to earlier errors.
ERROR: [Labtoolstcl 44-513] HW Target shutdown. Closing target: localhost:3121/xilinx_tcf/Digilent/210299635414
INFO: [Labtoolstcl 44-466] Opening hw_target localhost:3121/xilinx_tcf/Digilent/210299635414
INFO: [Labtools 27-1435] Device xc7a75t (JTAG device index = 0) is not programmed (DONE status = 0).
WARNING: [Labtoolstcl 44-129] No matching hw_ila_data was found.
set_property PROBES.FILE {D:/three_verilog/MIPI_DDR3_HDMI/prj/MIPI_DDR3_HDMI/MIPI_DDR3_HDMI.runs/impl_1/MIPI_DDR3_HDMI_top.ltx} [get_hw_devices xc7a75t_0]
set_property FULL_PROBES.FILE {D:/three_verilog/MIPI_DDR3_HDMI/prj/MIPI_DDR3_HDMI/MIPI_DDR3_HDMI.runs/impl_1/MIPI_DDR3_HDMI_top.ltx} [get_hw_devices xc7a75t_0]
set_property PROGRAM.FILE {D:/three_verilog/MIPI_DDR3_HDMI/prj/MIPI_DDR3_HDMI/MIPI_DDR3_HDMI.runs/impl_1/MIPI_DDR3_HDMI_top.bit} [get_hw_devices xc7a75t_0]
program_hw_devices [get_hw_devices xc7a75t_0]
INFO: [Labtools 27-3164] End of startup status: HIGH
refresh_hw_device [lindex [get_hw_devices xc7a75t_0] 0]
INFO: [Labtools 27-2302] Device xc7a75t (JTAG device index = 0) is programmed with a design that has 1 ILA core(s).
display_hw_ila_data [ get_hw_ila_data hw_ila_data_1 -of_objects [get_hw_ilas -of_objects [get_hw_devices xc7a75t_0] -filter {CELL_NAME=~"DMA_Custom/ila_0"}]]
ERROR: [Labtoolstcl 44-513] HW Target shutdown. Closing target: localhost:3121/xilinx_tcf/Digilent/210299635414
disconnect_hw_server localhost:3121
connect_hw_server -allow_non_jtag
INFO: [Labtools 27-2285] Connecting to hw_server url TCP:localhost:3121
INFO: [Labtools 27-3415] Connecting to cs_server url TCP:localhost:0
INFO: [Labtools 27-3417] Launching cs_server...
INFO: [Labtools 27-2221] Launch Output:


******** Xilinx cs_server v2022.2.0
  ****** Build date   : Oct 05 2022-07:25:37
    **** Build number : 2022.2.1664925937
      ** Copyright 2017-2024 Xilinx, Inc. All Rights Reserved.



open_hw_target
INFO: [Labtoolstcl 44-466] Opening hw_target localhost:3121/xilinx_tcf/Digilent/210299635414
ERROR: [Labtools 27-2269] No devices detected on target localhost:3121/xilinx_tcf/Digilent/210299635414.
Check cable connectivity and that the target board is powered up then
use the disconnect_hw_server and connect_hw_server to re-register this hardware target.
ERROR: [Common 17-39] 'open_hw_target' failed due to earlier errors.
INFO: [Labtools 27-1435] Device xc7a75t (JTAG device index = 0) is not programmed (DONE status = 0).
WARNING: [Labtoolstcl 44-129] No matching hw_ila_data was found.
ERROR: [Labtoolstcl 44-513] HW Target shutdown. Closing target: localhost:3121/xilinx_tcf/Digilent/210299635414
disconnect_hw_server localhost:3121
connect_hw_server -allow_non_jtag
INFO: [Labtools 27-2285] Connecting to hw_server url TCP:localhost:3121
INFO: [Labtools 27-3415] Connecting to cs_server url TCP:localhost:0
INFO: [Labtools 27-3417] Launching cs_server...
INFO: [Labtools 27-2221] Launch Output:


******** Xilinx cs_server v2022.2.0
  ****** Build date   : Oct 05 2022-07:25:37
    **** Build number : 2022.2.1664925937
      ** Copyright 2017-2024 Xilinx, Inc. All Rights Reserved.



open_hw_target
INFO: [Labtoolstcl 44-466] Opening hw_target localhost:3121/xilinx_tcf/Digilent/210299635414
set_property PROGRAM.FILE {D:/three_verilog/MIPI_DDR3_HDMI/prj/MIPI_DDR3_HDMI/MIPI_DDR3_HDMI.runs/impl_1/MIPI_DDR3_HDMI_top.bit} [get_hw_devices xc7a75t_0]
set_property PROBES.FILE {D:/three_verilog/MIPI_DDR3_HDMI/prj/MIPI_DDR3_HDMI/MIPI_DDR3_HDMI.runs/impl_1/MIPI_DDR3_HDMI_top.ltx} [get_hw_devices xc7a75t_0]
set_property FULL_PROBES.FILE {D:/three_verilog/MIPI_DDR3_HDMI/prj/MIPI_DDR3_HDMI/MIPI_DDR3_HDMI.runs/impl_1/MIPI_DDR3_HDMI_top.ltx} [get_hw_devices xc7a75t_0]
current_hw_device [get_hw_devices xc7a75t_0]
refresh_hw_device [lindex [get_hw_devices xc7a75t_0] 0]
INFO: [Labtools 27-1435] Device xc7a75t (JTAG device index = 0) is not programmed (DONE status = 0).
set_property PROBES.FILE {D:/three_verilog/MIPI_DDR3_HDMI/prj/MIPI_DDR3_HDMI/MIPI_DDR3_HDMI.runs/impl_1/MIPI_DDR3_HDMI_top.ltx} [get_hw_devices xc7a75t_0]
set_property FULL_PROBES.FILE {D:/three_verilog/MIPI_DDR3_HDMI/prj/MIPI_DDR3_HDMI/MIPI_DDR3_HDMI.runs/impl_1/MIPI_DDR3_HDMI_top.ltx} [get_hw_devices xc7a75t_0]
set_property PROGRAM.FILE {D:/three_verilog/MIPI_DDR3_HDMI/prj/MIPI_DDR3_HDMI/MIPI_DDR3_HDMI.runs/impl_1/MIPI_DDR3_HDMI_top.bit} [get_hw_devices xc7a75t_0]
program_hw_devices [get_hw_devices xc7a75t_0]
INFO: [Labtools 27-3164] End of startup status: HIGH
refresh_hw_device [lindex [get_hw_devices xc7a75t_0] 0]
INFO: [Labtools 27-2302] Device xc7a75t (JTAG device index = 0) is programmed with a design that has 1 ILA core(s).
display_hw_ila_data [ get_hw_ila_data hw_ila_data_1 -of_objects [get_hw_ilas -of_objects [get_hw_devices xc7a75t_0] -filter {CELL_NAME=~"DMA_Custom/ila_0"}]]
set_property PROBES.FILE {D:/three_verilog/MIPI_DDR3_HDMI/prj/MIPI_DDR3_HDMI/MIPI_DDR3_HDMI.runs/impl_1/MIPI_DDR3_HDMI_top.ltx} [get_hw_devices xc7a75t_0]
set_property FULL_PROBES.FILE {D:/three_verilog/MIPI_DDR3_HDMI/prj/MIPI_DDR3_HDMI/MIPI_DDR3_HDMI.runs/impl_1/MIPI_DDR3_HDMI_top.ltx} [get_hw_devices xc7a75t_0]
set_property PROGRAM.FILE {D:/three_verilog/MIPI_DDR3_HDMI/prj/MIPI_DDR3_HDMI/MIPI_DDR3_HDMI.runs/impl_1/MIPI_DDR3_HDMI_top.bit} [get_hw_devices xc7a75t_0]
program_hw_devices [get_hw_devices xc7a75t_0]
INFO: [Labtools 27-3164] End of startup status: HIGH
refresh_hw_device [lindex [get_hw_devices xc7a75t_0] 0]
INFO: [Labtools 27-2302] Device xc7a75t (JTAG device index = 0) is programmed with a design that has 1 ILA core(s).
set_property PROBES.FILE {} [get_hw_devices xc7a75t_0]
set_property FULL_PROBES.FILE {} [get_hw_devices xc7a75t_0]
set_property PROGRAM.FILE {D:/three_verilog/MIPI_DDR3_HDMI/bit/bayer_0.bit} [get_hw_devices xc7a75t_0]
program_hw_devices [get_hw_devices xc7a75t_0]
INFO: [Labtools 27-3164] End of startup status: HIGH
refresh_hw_device [lindex [get_hw_devices xc7a75t_0] 0]
INFO: [Labtools 27-1434] Device xc7a75t (JTAG device index = 0) is programmed with a design that has no supported debug core(s) in it.
set_property PROBES.FILE {} [get_hw_devices xc7a75t_0]
set_property FULL_PROBES.FILE {} [get_hw_devices xc7a75t_0]
set_property PROGRAM.FILE {D:/three_verilog/MIPI_DDR3_HDMI/bit/bayer_0.bit} [get_hw_devices xc7a75t_0]
program_hw_devices [get_hw_devices xc7a75t_0]
INFO: [Labtools 27-3164] End of startup status: HIGH
refresh_hw_device [lindex [get_hw_devices xc7a75t_0] 0]
INFO: [Labtools 27-1434] Device xc7a75t (JTAG device index = 0) is programmed with a design that has no supported debug core(s) in it.
set_property PROBES.FILE {} [get_hw_devices xc7a75t_0]
set_property FULL_PROBES.FILE {} [get_hw_devices xc7a75t_0]
set_property PROGRAM.FILE {D:/three_verilog/MIPI_DDR3_HDMI/bit/bayer_0.bit} [get_hw_devices xc7a75t_0]
program_hw_devices [get_hw_devices xc7a75t_0]
INFO: [Labtools 27-3164] End of startup status: HIGH
refresh_hw_device [lindex [get_hw_devices xc7a75t_0] 0]
INFO: [Labtools 27-1434] Device xc7a75t (JTAG device index = 0) is programmed with a design that has no supported debug core(s) in it.
set_property PROBES.FILE {} [get_hw_devices xc7a75t_0]
set_property FULL_PROBES.FILE {} [get_hw_devices xc7a75t_0]
set_property PROGRAM.FILE {D:/three_verilog/MIPI_DDR3_HDMI/bit/bayer_0.bit} [get_hw_devices xc7a75t_0]
program_hw_devices [get_hw_devices xc7a75t_0]
INFO: [Labtools 27-3164] End of startup status: HIGH
refresh_hw_device [lindex [get_hw_devices xc7a75t_0] 0]
INFO: [Labtools 27-1434] Device xc7a75t (JTAG device index = 0) is programmed with a design that has no supported debug core(s) in it.
set_property PROBES.FILE {} [get_hw_devices xc7a75t_0]
set_property FULL_PROBES.FILE {} [get_hw_devices xc7a75t_0]
set_property PROGRAM.FILE {D:/three_verilog/MIPI_DDR3_HDMI/bit/bayer_0.bit} [get_hw_devices xc7a75t_0]
program_hw_devices [get_hw_devices xc7a75t_0]
INFO: [Labtools 27-3164] End of startup status: HIGH
refresh_hw_device [lindex [get_hw_devices xc7a75t_0] 0]
INFO: [Labtools 27-1434] Device xc7a75t (JTAG device index = 0) is programmed with a design that has no supported debug core(s) in it.
set_property PROBES.FILE {} [get_hw_devices xc7a75t_0]
set_property FULL_PROBES.FILE {} [get_hw_devices xc7a75t_0]
set_property PROGRAM.FILE {G:/Opensource_mipi/study/top.bit} [get_hw_devices xc7a75t_0]
program_hw_devices [get_hw_devices xc7a75t_0]
INFO: [Labtools 27-3164] End of startup status: HIGH
refresh_hw_device [lindex [get_hw_devices xc7a75t_0] 0]
INFO: [Labtools 27-1434] Device xc7a75t (JTAG device index = 0) is programmed with a design that has no supported debug core(s) in it.
set_property PROBES.FILE {} [get_hw_devices xc7a75t_0]
set_property FULL_PROBES.FILE {} [get_hw_devices xc7a75t_0]
set_property PROGRAM.FILE {G:/Opensource_mipi/study/top.bit} [get_hw_devices xc7a75t_0]
program_hw_devices [get_hw_devices xc7a75t_0]
INFO: [Labtools 27-3164] End of startup status: HIGH
refresh_hw_device [lindex [get_hw_devices xc7a75t_0] 0]
INFO: [Labtools 27-1434] Device xc7a75t (JTAG device index = 0) is programmed with a design that has no supported debug core(s) in it.
set_property PROBES.FILE {} [get_hw_devices xc7a75t_0]
set_property FULL_PROBES.FILE {} [get_hw_devices xc7a75t_0]
set_property PROGRAM.FILE {G:/Opensource_mipi/study/top.bit} [get_hw_devices xc7a75t_0]
program_hw_devices [get_hw_devices xc7a75t_0]
INFO: [Labtools 27-3164] End of startup status: HIGH
refresh_hw_device [lindex [get_hw_devices xc7a75t_0] 0]
INFO: [Labtools 27-1434] Device xc7a75t (JTAG device index = 0) is programmed with a design that has no supported debug core(s) in it.
set_property PROBES.FILE {} [get_hw_devices xc7a75t_0]
set_property FULL_PROBES.FILE {} [get_hw_devices xc7a75t_0]
set_property PROGRAM.FILE {G:/Opensource_mipi/study/top.bit} [get_hw_devices xc7a75t_0]
program_hw_devices [get_hw_devices xc7a75t_0]
INFO: [Labtools 27-3164] End of startup status: HIGH
refresh_hw_device [lindex [get_hw_devices xc7a75t_0] 0]
INFO: [Labtools 27-1434] Device xc7a75t (JTAG device index = 0) is programmed with a design that has no supported debug core(s) in it.
set_property PROBES.FILE {} [get_hw_devices xc7a75t_0]
set_property FULL_PROBES.FILE {} [get_hw_devices xc7a75t_0]
set_property PROGRAM.FILE {G:/Opensource_mipi/study/top.bit} [get_hw_devices xc7a75t_0]
program_hw_devices [get_hw_devices xc7a75t_0]
INFO: [Labtools 27-3164] End of startup status: HIGH
refresh_hw_device [lindex [get_hw_devices xc7a75t_0] 0]
INFO: [Labtools 27-1434] Device xc7a75t (JTAG device index = 0) is programmed with a design that has no supported debug core(s) in it.
set_property PROBES.FILE {} [get_hw_devices xc7a75t_0]
set_property FULL_PROBES.FILE {} [get_hw_devices xc7a75t_0]
set_property PROGRAM.FILE {G:/Opensource_mipi/study/top.bit} [get_hw_devices xc7a75t_0]
program_hw_devices [get_hw_devices xc7a75t_0]
INFO: [Labtools 27-3164] End of startup status: HIGH
refresh_hw_device [lindex [get_hw_devices xc7a75t_0] 0]
INFO: [Labtools 27-1434] Device xc7a75t (JTAG device index = 0) is programmed with a design that has no supported debug core(s) in it.
set_property PROBES.FILE {D:/three_verilog/MIPI_DDR3_HDMI/prj/MIPI_DDR3_HDMI/MIPI_DDR3_HDMI.runs/impl_1/MIPI_DDR3_HDMI_top.ltx} [get_hw_devices xc7a75t_0]
set_property FULL_PROBES.FILE {D:/three_verilog/MIPI_DDR3_HDMI/prj/MIPI_DDR3_HDMI/MIPI_DDR3_HDMI.runs/impl_1/MIPI_DDR3_HDMI_top.ltx} [get_hw_devices xc7a75t_0]
set_property PROGRAM.FILE {D:/three_verilog/MIPI_DDR3_HDMI/prj/MIPI_DDR3_HDMI/MIPI_DDR3_HDMI.runs/impl_1/MIPI_DDR3_HDMI_top.bit} [get_hw_devices xc7a75t_0]
program_hw_devices [get_hw_devices xc7a75t_0]
INFO: [Labtools 27-3164] End of startup status: HIGH
refresh_hw_device [lindex [get_hw_devices xc7a75t_0] 0]
INFO: [Labtools 27-2302] Device xc7a75t (JTAG device index = 0) is programmed with a design that has 1 ILA core(s).
add_wave -into {hw_ila_data_1.wcfg} -radix hex { {DMA_Custom/Ar_running} {DMA_Custom/Aw_running} {DMA_Custom/Pose_Rd_Rst_Sync} {DMA_Custom/Pose_Wr_Rst_Sync} {DMA_Custom/rd_index} {DMA_Custom/wr_index} }
add_wave -into {hw_ila_data_1.wcfg} -radix unsigned { {DMA_Custom/m_axi_araddr} {DMA_Custom/m_axi_awaddr} {DMA_Custom/rd_base_addr} {DMA_Custom/wr_base_addr} }
run_hw_ila [get_hw_ilas -of_objects [get_hw_devices xc7a75t_0] -filter {CELL_NAME=~"DMA_Custom/ila_0"}]
INFO: [Labtools 27-1964] The ILA core 'hw_ila_1' trigger was armed at 2024-Jan-09 15:03:41
wait_on_hw_ila [get_hw_ilas -of_objects [get_hw_devices xc7a75t_0] -filter {CELL_NAME=~"DMA_Custom/ila_0"}]
display_hw_ila_data [upload_hw_ila_data [get_hw_ilas -of_objects [get_hw_devices xc7a75t_0] -filter {CELL_NAME=~"DMA_Custom/ila_0"}]]
INFO: [Labtools 27-2214] The ILA core 'hw_ila_1' triggered in the last of '16' windows, at 2024-Jan-09 15:03:41.
INFO: [Labtools 27-3304] ILA Waveform data saved to file D:/three_verilog/MIPI_DDR3_HDMI/prj/MIPI_DDR3_HDMI/MIPI_DDR3_HDMI.hw/backup/hw_ila_data_1.ila. Use Tcl command 'read_hw_ila_data' or Vivado File->Import->Import ILA Data menu item to import the previously saved data.
set_property PROBES.FILE {D:/three_verilog/MIPI_DDR3_HDMI/prj/MIPI_DDR3_HDMI/MIPI_DDR3_HDMI.runs/impl_1/MIPI_DDR3_HDMI_top.ltx} [get_hw_devices xc7a75t_0]
set_property FULL_PROBES.FILE {D:/three_verilog/MIPI_DDR3_HDMI/prj/MIPI_DDR3_HDMI/MIPI_DDR3_HDMI.runs/impl_1/MIPI_DDR3_HDMI_top.ltx} [get_hw_devices xc7a75t_0]
set_property PROGRAM.FILE {D:/three_verilog/MIPI_DDR3_HDMI/prj/MIPI_DDR3_HDMI/MIPI_DDR3_HDMI.runs/impl_1/MIPI_DDR3_HDMI_top.bit} [get_hw_devices xc7a75t_0]
program_hw_devices [get_hw_devices xc7a75t_0]
INFO: [Labtools 27-3164] End of startup status: HIGH
refresh_hw_device [lindex [get_hw_devices xc7a75t_0] 0]
INFO: [Labtools 27-2302] Device xc7a75t (JTAG device index = 0) is programmed with a design that has 1 ILA core(s).
run_hw_ila [get_hw_ilas -of_objects [get_hw_devices xc7a75t_0] -filter {CELL_NAME=~"DMA_Custom/ila_0"}]
INFO: [Labtools 27-1964] The ILA core 'hw_ila_1' trigger was armed at 2024-Jan-09 15:04:39
wait_on_hw_ila [get_hw_ilas -of_objects [get_hw_devices xc7a75t_0] -filter {CELL_NAME=~"DMA_Custom/ila_0"}]
display_hw_ila_data [upload_hw_ila_data [get_hw_ilas -of_objects [get_hw_devices xc7a75t_0] -filter {CELL_NAME=~"DMA_Custom/ila_0"}]]
INFO: [Labtools 27-2214] The ILA core 'hw_ila_1' triggered in the last of '16' windows, at 2024-Jan-09 15:04:40.
INFO: [Labtools 27-3304] ILA Waveform data saved to file D:/three_verilog/MIPI_DDR3_HDMI/prj/MIPI_DDR3_HDMI/MIPI_DDR3_HDMI.hw/backup/hw_ila_data_1.ila. Use Tcl command 'read_hw_ila_data' or Vivado File->Import->Import ILA Data menu item to import the previously saved data.
set_property PROBES.FILE {D:/three_verilog/MIPI_DDR3_HDMI/prj/MIPI_DDR3_HDMI/MIPI_DDR3_HDMI.runs/impl_1/MIPI_DDR3_HDMI_top.ltx} [get_hw_devices xc7a75t_0]
set_property FULL_PROBES.FILE {D:/three_verilog/MIPI_DDR3_HDMI/prj/MIPI_DDR3_HDMI/MIPI_DDR3_HDMI.runs/impl_1/MIPI_DDR3_HDMI_top.ltx} [get_hw_devices xc7a75t_0]
set_property PROGRAM.FILE {D:/three_verilog/MIPI_DDR3_HDMI/prj/MIPI_DDR3_HDMI/MIPI_DDR3_HDMI.runs/impl_1/MIPI_DDR3_HDMI_top.bit} [get_hw_devices xc7a75t_0]
program_hw_devices [get_hw_devices xc7a75t_0]
INFO: [Labtools 27-3164] End of startup status: HIGH
refresh_hw_device [lindex [get_hw_devices xc7a75t_0] 0]
INFO: [Labtools 27-2302] Device xc7a75t (JTAG device index = 0) is programmed with a design that has 1 ILA core(s).
display_hw_ila_data [ get_hw_ila_data hw_ila_data_1 -of_objects [get_hw_ilas -of_objects [get_hw_devices xc7a75t_0] -filter {CELL_NAME=~"DMA_Custom/ila_0"}]]
run_hw_ila [get_hw_ilas -of_objects [get_hw_devices xc7a75t_0] -filter {CELL_NAME=~"DMA_Custom/ila_0"}]
INFO: [Labtools 27-1964] The ILA core 'hw_ila_1' trigger was armed at 2024-Jan-09 15:29:57
wait_on_hw_ila [get_hw_ilas -of_objects [get_hw_devices xc7a75t_0] -filter {CELL_NAME=~"DMA_Custom/ila_0"}]
display_hw_ila_data [upload_hw_ila_data [get_hw_ilas -of_objects [get_hw_devices xc7a75t_0] -filter {CELL_NAME=~"DMA_Custom/ila_0"}]]
INFO: [Labtools 27-2214] The ILA core 'hw_ila_1' triggered in the last of '16' windows, at 2024-Jan-09 15:29:58.
INFO: [Labtools 27-3304] ILA Waveform data saved to file D:/three_verilog/MIPI_DDR3_HDMI/prj/MIPI_DDR3_HDMI/MIPI_DDR3_HDMI.hw/backup/hw_ila_data_1.ila. Use Tcl command 'read_hw_ila_data' or Vivado File->Import->Import ILA Data menu item to import the previously saved data.
set_property PROBES.FILE {D:/three_verilog/MIPI_DDR3_HDMI/prj/MIPI_DDR3_HDMI/MIPI_DDR3_HDMI.runs/impl_1/MIPI_DDR3_HDMI_top.ltx} [get_hw_devices xc7a75t_0]
set_property FULL_PROBES.FILE {D:/three_verilog/MIPI_DDR3_HDMI/prj/MIPI_DDR3_HDMI/MIPI_DDR3_HDMI.runs/impl_1/MIPI_DDR3_HDMI_top.ltx} [get_hw_devices xc7a75t_0]
set_property PROGRAM.FILE {D:/three_verilog/MIPI_DDR3_HDMI/prj/MIPI_DDR3_HDMI/MIPI_DDR3_HDMI.runs/impl_1/MIPI_DDR3_HDMI_top.bit} [get_hw_devices xc7a75t_0]
program_hw_devices [get_hw_devices xc7a75t_0]
INFO: [Labtools 27-3164] End of startup status: HIGH
refresh_hw_device [lindex [get_hw_devices xc7a75t_0] 0]
INFO: [Labtools 27-2302] Device xc7a75t (JTAG device index = 0) is programmed with a design that has 1 ILA core(s).
set_property PROBES.FILE {D:/three_verilog/MIPI_DDR3_HDMI/prj/MIPI_DDR3_HDMI/MIPI_DDR3_HDMI.runs/impl_1/MIPI_DDR3_HDMI_top.ltx} [get_hw_devices xc7a75t_0]
set_property FULL_PROBES.FILE {D:/three_verilog/MIPI_DDR3_HDMI/prj/MIPI_DDR3_HDMI/MIPI_DDR3_HDMI.runs/impl_1/MIPI_DDR3_HDMI_top.ltx} [get_hw_devices xc7a75t_0]
set_property PROGRAM.FILE {D:/three_verilog/MIPI_DDR3_HDMI/prj/MIPI_DDR3_HDMI/MIPI_DDR3_HDMI.runs/impl_1/MIPI_DDR3_HDMI_top.bit} [get_hw_devices xc7a75t_0]
program_hw_devices [get_hw_devices xc7a75t_0]
INFO: [Labtools 27-3164] End of startup status: HIGH
refresh_hw_device [lindex [get_hw_devices xc7a75t_0] 0]
ERROR: [Labtools 27-2312] Device xc7a75t_0 is no longer available.
Check cable connectivity and that the target board is powered up then
use the disconnect_hw_server and connect_hw_server to re-initialize the hardware target.
Use open_hw_target to re-register the hardware device.
set_property PROBES.FILE {D:/three_verilog/MIPI_DDR3_HDMI/prj/MIPI_DDR3_HDMI/MIPI_DDR3_HDMI.runs/impl_1/MIPI_DDR3_HDMI_top.ltx} [get_hw_devices xc7a75t_0]
set_property FULL_PROBES.FILE {D:/three_verilog/MIPI_DDR3_HDMI/prj/MIPI_DDR3_HDMI/MIPI_DDR3_HDMI.runs/impl_1/MIPI_DDR3_HDMI_top.ltx} [get_hw_devices xc7a75t_0]
set_property PROGRAM.FILE {D:/three_verilog/MIPI_DDR3_HDMI/prj/MIPI_DDR3_HDMI/MIPI_DDR3_HDMI.runs/impl_1/MIPI_DDR3_HDMI_top.bit} [get_hw_devices xc7a75t_0]
program_hw_devices [get_hw_devices xc7a75t_0]
INFO: [Labtools 27-3164] End of startup status: HIGH
refresh_hw_device [lindex [get_hw_devices xc7a75t_0] 0]
INFO: [Labtools 27-2302] Device xc7a75t (JTAG device index = 0) is programmed with a design that has 1 ILA core(s).
exit
INFO: [Common 17-206] Exiting Vivado at Tue Jan  9 15:34:56 2024...
