# do {tb_Mipi_Bayer_2_RGB_compile.do}
# ** Warning: (vlib-34) Library already exists at "modelsim_lib/work".
# ** Warning: (vlib-34) Library already exists at "modelsim_lib/msim".
# ** Warning: (vlib-34) Library already exists at "modelsim_lib/msim/xil_defaultlib".
# Model Technology ModelSim SE-64 vmap 10.5 Lib Mapping Utility 2016.02 Feb 13 2016
# vmap xil_defaultlib modelsim_lib/msim/xil_defaultlib 
# Modifying C:\SIM_DATA\M2020_V2022\modelsim.ini
# Model Technology ModelSim SE-64 vlog 10.5 Compiler 2016.02 Feb 13 2016
# Start time: 21:17:16 on Dec 13,2023
# vlog -incr -mfcu -work xil_defaultlib ../../../../MIPI_trans.gen/sources_1/ip/Sfifo_Raw2RGB_w32x1024_r32x1024/sim/Sfifo_Raw2RGB_w32x1024_r32x1024.v ../../../../../../rtl/MIPI_rx/ECC_Calculate_Haming.v ../../../../../../rtl/MIPI_rx/Mipi_Bayer_2_RGB.v ../../../../../../rtl/MIPI_rx/Mipi_Byte_Alignment.v ../../../../../../rtl/MIPI_rx/Mipi_Lane_Alignment.v ../../../../../../rtl/MIPI_rx/Mipi_Unpacket.v ../../../../../../rtl/MIPI_rx/Mipi_raw10_depacker.v ../../../../../../rtl/MIPI_rx/MIPI_test_top/MIPI_SIM_top.v ../../../../MIPI_trans.srcs/sim_1/new/tb_Mipi_SIM.v ../../../../../../rtl/tb/tb_padding.v 
# -- Compiling module Sfifo_Raw2RGB_w32x1024_r32x1024
# -- Skipping module ECC_Calculate_Haming
# -- Skipping module Mipi_Bayer_2_RGB
# -- Skipping module Mipi_Byte_Alignment
# -- Skipping module Mipi_Lane_Alignment
# -- Skipping module Mipi_Unpacket
# -- Skipping module Mipi_raw10_depacker
# -- Skipping module MIPI_SIM_top
# -- Skipping module tb_Mipi_SIM
# -- Skipping module tb_Mipi_Bayer_2_RGB
# 
# Top level modules:
# 	tb_Mipi_SIM
# 	tb_Mipi_Bayer_2_RGB
# End time: 21:17:16 on Dec 13,2023, Elapsed time: 0:00:00
# Errors: 0, Warnings: 0
# Model Technology ModelSim SE-64 vlog 10.5 Compiler 2016.02 Feb 13 2016
# Start time: 21:17:16 on Dec 13,2023
# vlog -work xil_defaultlib glbl.v 
# -- Compiling module glbl
# 
# Top level modules:
# 	glbl
# End time: 21:17:16 on Dec 13,2023, Elapsed time: 0:00:00
# Errors: 0, Warnings: 0
