Copyright 1986-2022 Xilinx, Inc. All Rights Reserved.
--------------------------------------------------------------------------------------------------------------------------------------------------------------------------
| Tool Version : Vivado v.2022.2 (win64) Build 3671981 Fri Oct 14 05:00:03 MDT 2022
| Date         : Tue Dec 12 20:41:24 2023
| Host         : LAPTOP-H1858A6E running 64-bit major release  (build 9200)
| Command      : report_methodology -file MIPI_SIM_top_methodology_drc_routed.rpt -pb MIPI_SIM_top_methodology_drc_routed.pb -rpx MIPI_SIM_top_methodology_drc_routed.rpx
| Design       : MIPI_SIM_top
| Device       : xc7a75tfgg484-1
| Speed File   : -1
| Design State : Fully Routed
--------------------------------------------------------------------------------------------------------------------------------------------------------------------------

Report Methodology

Table of Contents
-----------------
1. REPORT SUMMARY
2. REPORT DETAILS

1. REPORT SUMMARY
-----------------
            Netlist: netlist
          Floorplan: design_1
      Design limits: <entire design considered>
             Max violations: <unlimited>
             Violations found: 147
+-----------+------------------+-----------------------------+------------+
| Rule      | Severity         | Description                 | Violations |
+-----------+------------------+-----------------------------+------------+
| TIMING-17 | Critical Warning | Non-clocked sequential cell | 147        |
+-----------+------------------+-----------------------------+------------+

2. REPORT DETAILS
-----------------
TIMING-17#1 Critical Warning
Non-clocked sequential cell  
The clock pin Mipi_Byte_Alignment_Inst_0/Byte_Offset_reg[0]/C is not reached by a timing clock
Related violations: <none>

TIMING-17#2 Critical Warning
Non-clocked sequential cell  
The clock pin Mipi_Byte_Alignment_Inst_0/Byte_Offset_reg[1]/C is not reached by a timing clock
Related violations: <none>

TIMING-17#3 Critical Warning
Non-clocked sequential cell  
The clock pin Mipi_Byte_Alignment_Inst_0/Byte_Offset_reg[2]/C is not reached by a timing clock
Related violations: <none>

TIMING-17#4 Critical Warning
Non-clocked sequential cell  
The clock pin Mipi_Byte_Alignment_Inst_0/Byte_Offset_reg[3]/C is not reached by a timing clock
Related violations: <none>

TIMING-17#5 Critical Warning
Non-clocked sequential cell  
The clock pin Mipi_Byte_Alignment_Inst_0/Concat_Byte_data_delay_reg[0]/C is not reached by a timing clock
Related violations: <none>

TIMING-17#6 Critical Warning
Non-clocked sequential cell  
The clock pin Mipi_Byte_Alignment_Inst_0/Concat_Byte_data_delay_reg[10]/C is not reached by a timing clock
Related violations: <none>

TIMING-17#7 Critical Warning
Non-clocked sequential cell  
The clock pin Mipi_Byte_Alignment_Inst_0/Concat_Byte_data_delay_reg[11]/C is not reached by a timing clock
Related violations: <none>

TIMING-17#8 Critical Warning
Non-clocked sequential cell  
The clock pin Mipi_Byte_Alignment_Inst_0/Concat_Byte_data_delay_reg[12]/C is not reached by a timing clock
Related violations: <none>

TIMING-17#9 Critical Warning
Non-clocked sequential cell  
The clock pin Mipi_Byte_Alignment_Inst_0/Concat_Byte_data_delay_reg[13]/C is not reached by a timing clock
Related violations: <none>

TIMING-17#10 Critical Warning
Non-clocked sequential cell  
The clock pin Mipi_Byte_Alignment_Inst_0/Concat_Byte_data_delay_reg[14]/C is not reached by a timing clock
Related violations: <none>

TIMING-17#11 Critical Warning
Non-clocked sequential cell  
The clock pin Mipi_Byte_Alignment_Inst_0/Concat_Byte_data_delay_reg[15]/C is not reached by a timing clock
Related violations: <none>

TIMING-17#12 Critical Warning
Non-clocked sequential cell  
The clock pin Mipi_Byte_Alignment_Inst_0/Concat_Byte_data_delay_reg[1]/C is not reached by a timing clock
Related violations: <none>

TIMING-17#13 Critical Warning
Non-clocked sequential cell  
The clock pin Mipi_Byte_Alignment_Inst_0/Concat_Byte_data_delay_reg[2]/C is not reached by a timing clock
Related violations: <none>

TIMING-17#14 Critical Warning
Non-clocked sequential cell  
The clock pin Mipi_Byte_Alignment_Inst_0/Concat_Byte_data_delay_reg[3]/C is not reached by a timing clock
Related violations: <none>

TIMING-17#15 Critical Warning
Non-clocked sequential cell  
The clock pin Mipi_Byte_Alignment_Inst_0/Concat_Byte_data_delay_reg[4]/C is not reached by a timing clock
Related violations: <none>

TIMING-17#16 Critical Warning
Non-clocked sequential cell  
The clock pin Mipi_Byte_Alignment_Inst_0/Concat_Byte_data_delay_reg[5]/C is not reached by a timing clock
Related violations: <none>

TIMING-17#17 Critical Warning
Non-clocked sequential cell  
The clock pin Mipi_Byte_Alignment_Inst_0/Concat_Byte_data_delay_reg[6]/C is not reached by a timing clock
Related violations: <none>

TIMING-17#18 Critical Warning
Non-clocked sequential cell  
The clock pin Mipi_Byte_Alignment_Inst_0/Concat_Byte_data_delay_reg[7]/C is not reached by a timing clock
Related violations: <none>

TIMING-17#19 Critical Warning
Non-clocked sequential cell  
The clock pin Mipi_Byte_Alignment_Inst_0/Concat_Byte_data_delay_reg[8]/C is not reached by a timing clock
Related violations: <none>

TIMING-17#20 Critical Warning
Non-clocked sequential cell  
The clock pin Mipi_Byte_Alignment_Inst_0/Concat_Byte_data_delay_reg[9]/C is not reached by a timing clock
Related violations: <none>

TIMING-17#21 Critical Warning
Non-clocked sequential cell  
The clock pin Mipi_Byte_Alignment_Inst_0/ReSearch_delay_reg/C is not reached by a timing clock
Related violations: <none>

TIMING-17#22 Critical Warning
Non-clocked sequential cell  
The clock pin Mipi_Byte_Alignment_Inst_0/Search_Locking_reg/C is not reached by a timing clock
Related violations: <none>

TIMING-17#23 Critical Warning
Non-clocked sequential cell  
The clock pin Mipi_Byte_Alignment_Inst_0/r_Byte_data_delay_0_reg[0]/C is not reached by a timing clock
Related violations: <none>

TIMING-17#24 Critical Warning
Non-clocked sequential cell  
The clock pin Mipi_Byte_Alignment_Inst_0/r_Byte_data_delay_0_reg[1]/C is not reached by a timing clock
Related violations: <none>

TIMING-17#25 Critical Warning
Non-clocked sequential cell  
The clock pin Mipi_Byte_Alignment_Inst_0/r_Byte_data_delay_0_reg[2]/C is not reached by a timing clock
Related violations: <none>

TIMING-17#26 Critical Warning
Non-clocked sequential cell  
The clock pin Mipi_Byte_Alignment_Inst_0/r_Byte_data_delay_0_reg[3]/C is not reached by a timing clock
Related violations: <none>

TIMING-17#27 Critical Warning
Non-clocked sequential cell  
The clock pin Mipi_Byte_Alignment_Inst_0/r_Byte_data_delay_0_reg[4]/C is not reached by a timing clock
Related violations: <none>

TIMING-17#28 Critical Warning
Non-clocked sequential cell  
The clock pin Mipi_Byte_Alignment_Inst_0/r_Byte_data_delay_0_reg[5]/C is not reached by a timing clock
Related violations: <none>

TIMING-17#29 Critical Warning
Non-clocked sequential cell  
The clock pin Mipi_Byte_Alignment_Inst_0/r_Byte_data_delay_0_reg[6]/C is not reached by a timing clock
Related violations: <none>

TIMING-17#30 Critical Warning
Non-clocked sequential cell  
The clock pin Mipi_Byte_Alignment_Inst_0/r_Byte_data_delay_0_reg[7]/C is not reached by a timing clock
Related violations: <none>

TIMING-17#31 Critical Warning
Non-clocked sequential cell  
The clock pin Mipi_Byte_Alignment_Inst_1/Byte_Offset_reg[0]/C is not reached by a timing clock
Related violations: <none>

TIMING-17#32 Critical Warning
Non-clocked sequential cell  
The clock pin Mipi_Byte_Alignment_Inst_1/Byte_Offset_reg[1]/C is not reached by a timing clock
Related violations: <none>

TIMING-17#33 Critical Warning
Non-clocked sequential cell  
The clock pin Mipi_Byte_Alignment_Inst_1/Byte_Offset_reg[2]/C is not reached by a timing clock
Related violations: <none>

TIMING-17#34 Critical Warning
Non-clocked sequential cell  
The clock pin Mipi_Byte_Alignment_Inst_1/Byte_Offset_reg[3]/C is not reached by a timing clock
Related violations: <none>

TIMING-17#35 Critical Warning
Non-clocked sequential cell  
The clock pin Mipi_Byte_Alignment_Inst_1/Concat_Byte_data_delay_reg[0]/C is not reached by a timing clock
Related violations: <none>

TIMING-17#36 Critical Warning
Non-clocked sequential cell  
The clock pin Mipi_Byte_Alignment_Inst_1/Concat_Byte_data_delay_reg[10]/C is not reached by a timing clock
Related violations: <none>

TIMING-17#37 Critical Warning
Non-clocked sequential cell  
The clock pin Mipi_Byte_Alignment_Inst_1/Concat_Byte_data_delay_reg[11]/C is not reached by a timing clock
Related violations: <none>

TIMING-17#38 Critical Warning
Non-clocked sequential cell  
The clock pin Mipi_Byte_Alignment_Inst_1/Concat_Byte_data_delay_reg[12]/C is not reached by a timing clock
Related violations: <none>

TIMING-17#39 Critical Warning
Non-clocked sequential cell  
The clock pin Mipi_Byte_Alignment_Inst_1/Concat_Byte_data_delay_reg[13]/C is not reached by a timing clock
Related violations: <none>

TIMING-17#40 Critical Warning
Non-clocked sequential cell  
The clock pin Mipi_Byte_Alignment_Inst_1/Concat_Byte_data_delay_reg[14]/C is not reached by a timing clock
Related violations: <none>

TIMING-17#41 Critical Warning
Non-clocked sequential cell  
The clock pin Mipi_Byte_Alignment_Inst_1/Concat_Byte_data_delay_reg[15]/C is not reached by a timing clock
Related violations: <none>

TIMING-17#42 Critical Warning
Non-clocked sequential cell  
The clock pin Mipi_Byte_Alignment_Inst_1/Concat_Byte_data_delay_reg[1]/C is not reached by a timing clock
Related violations: <none>

TIMING-17#43 Critical Warning
Non-clocked sequential cell  
The clock pin Mipi_Byte_Alignment_Inst_1/Concat_Byte_data_delay_reg[2]/C is not reached by a timing clock
Related violations: <none>

TIMING-17#44 Critical Warning
Non-clocked sequential cell  
The clock pin Mipi_Byte_Alignment_Inst_1/Concat_Byte_data_delay_reg[3]/C is not reached by a timing clock
Related violations: <none>

TIMING-17#45 Critical Warning
Non-clocked sequential cell  
The clock pin Mipi_Byte_Alignment_Inst_1/Concat_Byte_data_delay_reg[4]/C is not reached by a timing clock
Related violations: <none>

TIMING-17#46 Critical Warning
Non-clocked sequential cell  
The clock pin Mipi_Byte_Alignment_Inst_1/Concat_Byte_data_delay_reg[5]/C is not reached by a timing clock
Related violations: <none>

TIMING-17#47 Critical Warning
Non-clocked sequential cell  
The clock pin Mipi_Byte_Alignment_Inst_1/Concat_Byte_data_delay_reg[6]/C is not reached by a timing clock
Related violations: <none>

TIMING-17#48 Critical Warning
Non-clocked sequential cell  
The clock pin Mipi_Byte_Alignment_Inst_1/Concat_Byte_data_delay_reg[7]/C is not reached by a timing clock
Related violations: <none>

TIMING-17#49 Critical Warning
Non-clocked sequential cell  
The clock pin Mipi_Byte_Alignment_Inst_1/Concat_Byte_data_delay_reg[8]/C is not reached by a timing clock
Related violations: <none>

TIMING-17#50 Critical Warning
Non-clocked sequential cell  
The clock pin Mipi_Byte_Alignment_Inst_1/Concat_Byte_data_delay_reg[9]/C is not reached by a timing clock
Related violations: <none>

TIMING-17#51 Critical Warning
Non-clocked sequential cell  
The clock pin Mipi_Byte_Alignment_Inst_1/Search_Locking_reg/C is not reached by a timing clock
Related violations: <none>

TIMING-17#52 Critical Warning
Non-clocked sequential cell  
The clock pin Mipi_Byte_Alignment_Inst_1/r_Byte_data_delay_0_reg[0]/C is not reached by a timing clock
Related violations: <none>

TIMING-17#53 Critical Warning
Non-clocked sequential cell  
The clock pin Mipi_Byte_Alignment_Inst_1/r_Byte_data_delay_0_reg[1]/C is not reached by a timing clock
Related violations: <none>

TIMING-17#54 Critical Warning
Non-clocked sequential cell  
The clock pin Mipi_Byte_Alignment_Inst_1/r_Byte_data_delay_0_reg[2]/C is not reached by a timing clock
Related violations: <none>

TIMING-17#55 Critical Warning
Non-clocked sequential cell  
The clock pin Mipi_Byte_Alignment_Inst_1/r_Byte_data_delay_0_reg[3]/C is not reached by a timing clock
Related violations: <none>

TIMING-17#56 Critical Warning
Non-clocked sequential cell  
The clock pin Mipi_Byte_Alignment_Inst_1/r_Byte_data_delay_0_reg[4]/C is not reached by a timing clock
Related violations: <none>

TIMING-17#57 Critical Warning
Non-clocked sequential cell  
The clock pin Mipi_Byte_Alignment_Inst_1/r_Byte_data_delay_0_reg[5]/C is not reached by a timing clock
Related violations: <none>

TIMING-17#58 Critical Warning
Non-clocked sequential cell  
The clock pin Mipi_Byte_Alignment_Inst_1/r_Byte_data_delay_0_reg[6]/C is not reached by a timing clock
Related violations: <none>

TIMING-17#59 Critical Warning
Non-clocked sequential cell  
The clock pin Mipi_Byte_Alignment_Inst_1/r_Byte_data_delay_0_reg[7]/C is not reached by a timing clock
Related violations: <none>

TIMING-17#60 Critical Warning
Non-clocked sequential cell  
The clock pin Mipi_Lane_Alignment_Inst0/Flag_reg[0]/C is not reached by a timing clock
Related violations: <none>

TIMING-17#61 Critical Warning
Non-clocked sequential cell  
The clock pin Mipi_Lane_Alignment_Inst0/Flag_reg[1]/C is not reached by a timing clock
Related violations: <none>

TIMING-17#62 Critical Warning
Non-clocked sequential cell  
The clock pin Mipi_Lane_Alignment_Inst0/O_ReSearch_Offset_Lane_reg/C is not reached by a timing clock
Related violations: <none>

TIMING-17#63 Critical Warning
Non-clocked sequential cell  
The clock pin Mipi_Lane_Alignment_Inst0/r_O_Mipi_Lane_Alignment_Vaild_reg/C is not reached by a timing clock
Related violations: <none>

TIMING-17#64 Critical Warning
Non-clocked sequential cell  
The clock pin Mipi_Lane_Alignment_Inst0/r_Vaild_Or_Posedge_reg/C is not reached by a timing clock
Related violations: <none>

TIMING-17#65 Critical Warning
Non-clocked sequential cell  
The clock pin Mipi_Lane_Alignment_Inst0/r_Vaild_Or_reg/C is not reached by a timing clock
Related violations: <none>

TIMING-17#66 Critical Warning
Non-clocked sequential cell  
The clock pin Mipi_Lane_Alignment_Inst0/r_lane0_data_reg[0]/C is not reached by a timing clock
Related violations: <none>

TIMING-17#67 Critical Warning
Non-clocked sequential cell  
The clock pin Mipi_Lane_Alignment_Inst0/r_lane0_data_reg[10]/C is not reached by a timing clock
Related violations: <none>

TIMING-17#68 Critical Warning
Non-clocked sequential cell  
The clock pin Mipi_Lane_Alignment_Inst0/r_lane0_data_reg[11]/C is not reached by a timing clock
Related violations: <none>

TIMING-17#69 Critical Warning
Non-clocked sequential cell  
The clock pin Mipi_Lane_Alignment_Inst0/r_lane0_data_reg[12]/C is not reached by a timing clock
Related violations: <none>

TIMING-17#70 Critical Warning
Non-clocked sequential cell  
The clock pin Mipi_Lane_Alignment_Inst0/r_lane0_data_reg[13]/C is not reached by a timing clock
Related violations: <none>

TIMING-17#71 Critical Warning
Non-clocked sequential cell  
The clock pin Mipi_Lane_Alignment_Inst0/r_lane0_data_reg[14]/C is not reached by a timing clock
Related violations: <none>

TIMING-17#72 Critical Warning
Non-clocked sequential cell  
The clock pin Mipi_Lane_Alignment_Inst0/r_lane0_data_reg[15]/C is not reached by a timing clock
Related violations: <none>

TIMING-17#73 Critical Warning
Non-clocked sequential cell  
The clock pin Mipi_Lane_Alignment_Inst0/r_lane0_data_reg[1]/C is not reached by a timing clock
Related violations: <none>

TIMING-17#74 Critical Warning
Non-clocked sequential cell  
The clock pin Mipi_Lane_Alignment_Inst0/r_lane0_data_reg[2]/C is not reached by a timing clock
Related violations: <none>

TIMING-17#75 Critical Warning
Non-clocked sequential cell  
The clock pin Mipi_Lane_Alignment_Inst0/r_lane0_data_reg[3]/C is not reached by a timing clock
Related violations: <none>

TIMING-17#76 Critical Warning
Non-clocked sequential cell  
The clock pin Mipi_Lane_Alignment_Inst0/r_lane0_data_reg[4]/C is not reached by a timing clock
Related violations: <none>

TIMING-17#77 Critical Warning
Non-clocked sequential cell  
The clock pin Mipi_Lane_Alignment_Inst0/r_lane0_data_reg[5]/C is not reached by a timing clock
Related violations: <none>

TIMING-17#78 Critical Warning
Non-clocked sequential cell  
The clock pin Mipi_Lane_Alignment_Inst0/r_lane0_data_reg[6]/C is not reached by a timing clock
Related violations: <none>

TIMING-17#79 Critical Warning
Non-clocked sequential cell  
The clock pin Mipi_Lane_Alignment_Inst0/r_lane0_data_reg[7]/C is not reached by a timing clock
Related violations: <none>

TIMING-17#80 Critical Warning
Non-clocked sequential cell  
The clock pin Mipi_Lane_Alignment_Inst0/r_lane0_data_reg[8]/C is not reached by a timing clock
Related violations: <none>

TIMING-17#81 Critical Warning
Non-clocked sequential cell  
The clock pin Mipi_Lane_Alignment_Inst0/r_lane0_data_reg[9]/C is not reached by a timing clock
Related violations: <none>

TIMING-17#82 Critical Warning
Non-clocked sequential cell  
The clock pin Mipi_Lane_Alignment_Inst0/r_lane1_data_reg[0]/C is not reached by a timing clock
Related violations: <none>

TIMING-17#83 Critical Warning
Non-clocked sequential cell  
The clock pin Mipi_Lane_Alignment_Inst0/r_lane1_data_reg[10]/C is not reached by a timing clock
Related violations: <none>

TIMING-17#84 Critical Warning
Non-clocked sequential cell  
The clock pin Mipi_Lane_Alignment_Inst0/r_lane1_data_reg[11]/C is not reached by a timing clock
Related violations: <none>

TIMING-17#85 Critical Warning
Non-clocked sequential cell  
The clock pin Mipi_Lane_Alignment_Inst0/r_lane1_data_reg[12]/C is not reached by a timing clock
Related violations: <none>

TIMING-17#86 Critical Warning
Non-clocked sequential cell  
The clock pin Mipi_Lane_Alignment_Inst0/r_lane1_data_reg[13]/C is not reached by a timing clock
Related violations: <none>

TIMING-17#87 Critical Warning
Non-clocked sequential cell  
The clock pin Mipi_Lane_Alignment_Inst0/r_lane1_data_reg[14]/C is not reached by a timing clock
Related violations: <none>

TIMING-17#88 Critical Warning
Non-clocked sequential cell  
The clock pin Mipi_Lane_Alignment_Inst0/r_lane1_data_reg[15]/C is not reached by a timing clock
Related violations: <none>

TIMING-17#89 Critical Warning
Non-clocked sequential cell  
The clock pin Mipi_Lane_Alignment_Inst0/r_lane1_data_reg[1]/C is not reached by a timing clock
Related violations: <none>

TIMING-17#90 Critical Warning
Non-clocked sequential cell  
The clock pin Mipi_Lane_Alignment_Inst0/r_lane1_data_reg[2]/C is not reached by a timing clock
Related violations: <none>

TIMING-17#91 Critical Warning
Non-clocked sequential cell  
The clock pin Mipi_Lane_Alignment_Inst0/r_lane1_data_reg[3]/C is not reached by a timing clock
Related violations: <none>

TIMING-17#92 Critical Warning
Non-clocked sequential cell  
The clock pin Mipi_Lane_Alignment_Inst0/r_lane1_data_reg[4]/C is not reached by a timing clock
Related violations: <none>

TIMING-17#93 Critical Warning
Non-clocked sequential cell  
The clock pin Mipi_Lane_Alignment_Inst0/r_lane1_data_reg[5]/C is not reached by a timing clock
Related violations: <none>

TIMING-17#94 Critical Warning
Non-clocked sequential cell  
The clock pin Mipi_Lane_Alignment_Inst0/r_lane1_data_reg[6]/C is not reached by a timing clock
Related violations: <none>

TIMING-17#95 Critical Warning
Non-clocked sequential cell  
The clock pin Mipi_Lane_Alignment_Inst0/r_lane1_data_reg[7]/C is not reached by a timing clock
Related violations: <none>

TIMING-17#96 Critical Warning
Non-clocked sequential cell  
The clock pin Mipi_Lane_Alignment_Inst0/r_lane1_data_reg[8]/C is not reached by a timing clock
Related violations: <none>

TIMING-17#97 Critical Warning
Non-clocked sequential cell  
The clock pin Mipi_Lane_Alignment_Inst0/r_lane1_data_reg[9]/C is not reached by a timing clock
Related violations: <none>

TIMING-17#98 Critical Warning
Non-clocked sequential cell  
The clock pin Mipi_Unpacket_Inst0/Unpacket_Data_Count_reg[0]/C is not reached by a timing clock
Related violations: <none>

TIMING-17#99 Critical Warning
Non-clocked sequential cell  
The clock pin Mipi_Unpacket_Inst0/Unpacket_Data_Count_reg[10]/C is not reached by a timing clock
Related violations: <none>

TIMING-17#100 Critical Warning
Non-clocked sequential cell  
The clock pin Mipi_Unpacket_Inst0/Unpacket_Data_Count_reg[11]/C is not reached by a timing clock
Related violations: <none>

TIMING-17#101 Critical Warning
Non-clocked sequential cell  
The clock pin Mipi_Unpacket_Inst0/Unpacket_Data_Count_reg[1]/C is not reached by a timing clock
Related violations: <none>

TIMING-17#102 Critical Warning
Non-clocked sequential cell  
The clock pin Mipi_Unpacket_Inst0/Unpacket_Data_Count_reg[2]/C is not reached by a timing clock
Related violations: <none>

TIMING-17#103 Critical Warning
Non-clocked sequential cell  
The clock pin Mipi_Unpacket_Inst0/Unpacket_Data_Count_reg[3]/C is not reached by a timing clock
Related violations: <none>

TIMING-17#104 Critical Warning
Non-clocked sequential cell  
The clock pin Mipi_Unpacket_Inst0/Unpacket_Data_Count_reg[4]/C is not reached by a timing clock
Related violations: <none>

TIMING-17#105 Critical Warning
Non-clocked sequential cell  
The clock pin Mipi_Unpacket_Inst0/Unpacket_Data_Count_reg[5]/C is not reached by a timing clock
Related violations: <none>

TIMING-17#106 Critical Warning
Non-clocked sequential cell  
The clock pin Mipi_Unpacket_Inst0/Unpacket_Data_Count_reg[6]/C is not reached by a timing clock
Related violations: <none>

TIMING-17#107 Critical Warning
Non-clocked sequential cell  
The clock pin Mipi_Unpacket_Inst0/Unpacket_Data_Count_reg[7]/C is not reached by a timing clock
Related violations: <none>

TIMING-17#108 Critical Warning
Non-clocked sequential cell  
The clock pin Mipi_Unpacket_Inst0/Unpacket_Data_Count_reg[8]/C is not reached by a timing clock
Related violations: <none>

TIMING-17#109 Critical Warning
Non-clocked sequential cell  
The clock pin Mipi_Unpacket_Inst0/Unpacket_Data_Count_reg[9]/C is not reached by a timing clock
Related violations: <none>

TIMING-17#110 Critical Warning
Non-clocked sequential cell  
The clock pin Mipi_Unpacket_Inst0/Word_Count_Max_reg[10]/C is not reached by a timing clock
Related violations: <none>

TIMING-17#111 Critical Warning
Non-clocked sequential cell  
The clock pin Mipi_Unpacket_Inst0/Word_Count_Max_reg[11]/C is not reached by a timing clock
Related violations: <none>

TIMING-17#112 Critical Warning
Non-clocked sequential cell  
The clock pin Mipi_Unpacket_Inst0/Word_Count_Max_reg[12]/C is not reached by a timing clock
Related violations: <none>

TIMING-17#113 Critical Warning
Non-clocked sequential cell  
The clock pin Mipi_Unpacket_Inst0/Word_Count_Max_reg[13]/C is not reached by a timing clock
Related violations: <none>

TIMING-17#114 Critical Warning
Non-clocked sequential cell  
The clock pin Mipi_Unpacket_Inst0/Word_Count_Max_reg[14]/C is not reached by a timing clock
Related violations: <none>

TIMING-17#115 Critical Warning
Non-clocked sequential cell  
The clock pin Mipi_Unpacket_Inst0/Word_Count_Max_reg[15]/C is not reached by a timing clock
Related violations: <none>

TIMING-17#116 Critical Warning
Non-clocked sequential cell  
The clock pin Mipi_Unpacket_Inst0/Word_Count_Max_reg[1]/C is not reached by a timing clock
Related violations: <none>

TIMING-17#117 Critical Warning
Non-clocked sequential cell  
The clock pin Mipi_Unpacket_Inst0/Word_Count_Max_reg[2]/C is not reached by a timing clock
Related violations: <none>

TIMING-17#118 Critical Warning
Non-clocked sequential cell  
The clock pin Mipi_Unpacket_Inst0/Word_Count_Max_reg[3]/C is not reached by a timing clock
Related violations: <none>

TIMING-17#119 Critical Warning
Non-clocked sequential cell  
The clock pin Mipi_Unpacket_Inst0/Word_Count_Max_reg[4]/C is not reached by a timing clock
Related violations: <none>

TIMING-17#120 Critical Warning
Non-clocked sequential cell  
The clock pin Mipi_Unpacket_Inst0/Word_Count_Max_reg[5]/C is not reached by a timing clock
Related violations: <none>

TIMING-17#121 Critical Warning
Non-clocked sequential cell  
The clock pin Mipi_Unpacket_Inst0/Word_Count_Max_reg[6]/C is not reached by a timing clock
Related violations: <none>

TIMING-17#122 Critical Warning
Non-clocked sequential cell  
The clock pin Mipi_Unpacket_Inst0/Word_Count_Max_reg[7]/C is not reached by a timing clock
Related violations: <none>

TIMING-17#123 Critical Warning
Non-clocked sequential cell  
The clock pin Mipi_Unpacket_Inst0/Word_Count_Max_reg[8]/C is not reached by a timing clock
Related violations: <none>

TIMING-17#124 Critical Warning
Non-clocked sequential cell  
The clock pin Mipi_Unpacket_Inst0/Word_Count_Max_reg[9]/C is not reached by a timing clock
Related violations: <none>

TIMING-17#125 Critical Warning
Non-clocked sequential cell  
The clock pin Mipi_Unpacket_Inst0/r_Mipi_Lane_Alignment_Data_reg[0]/C is not reached by a timing clock
Related violations: <none>

TIMING-17#126 Critical Warning
Non-clocked sequential cell  
The clock pin Mipi_Unpacket_Inst0/r_Mipi_Lane_Alignment_Data_reg[10]/C is not reached by a timing clock
Related violations: <none>

TIMING-17#127 Critical Warning
Non-clocked sequential cell  
The clock pin Mipi_Unpacket_Inst0/r_Mipi_Lane_Alignment_Data_reg[11]/C is not reached by a timing clock
Related violations: <none>

TIMING-17#128 Critical Warning
Non-clocked sequential cell  
The clock pin Mipi_Unpacket_Inst0/r_Mipi_Lane_Alignment_Data_reg[12]/C is not reached by a timing clock
Related violations: <none>

TIMING-17#129 Critical Warning
Non-clocked sequential cell  
The clock pin Mipi_Unpacket_Inst0/r_Mipi_Lane_Alignment_Data_reg[13]/C is not reached by a timing clock
Related violations: <none>

TIMING-17#130 Critical Warning
Non-clocked sequential cell  
The clock pin Mipi_Unpacket_Inst0/r_Mipi_Lane_Alignment_Data_reg[14]/C is not reached by a timing clock
Related violations: <none>

TIMING-17#131 Critical Warning
Non-clocked sequential cell  
The clock pin Mipi_Unpacket_Inst0/r_Mipi_Lane_Alignment_Data_reg[15]/C is not reached by a timing clock
Related violations: <none>

TIMING-17#132 Critical Warning
Non-clocked sequential cell  
The clock pin Mipi_Unpacket_Inst0/r_Mipi_Lane_Alignment_Data_reg[1]/C is not reached by a timing clock
Related violations: <none>

TIMING-17#133 Critical Warning
Non-clocked sequential cell  
The clock pin Mipi_Unpacket_Inst0/r_Mipi_Lane_Alignment_Data_reg[2]/C is not reached by a timing clock
Related violations: <none>

TIMING-17#134 Critical Warning
Non-clocked sequential cell  
The clock pin Mipi_Unpacket_Inst0/r_Mipi_Lane_Alignment_Data_reg[3]/C is not reached by a timing clock
Related violations: <none>

TIMING-17#135 Critical Warning
Non-clocked sequential cell  
The clock pin Mipi_Unpacket_Inst0/r_Mipi_Lane_Alignment_Data_reg[4]/C is not reached by a timing clock
Related violations: <none>

TIMING-17#136 Critical Warning
Non-clocked sequential cell  
The clock pin Mipi_Unpacket_Inst0/r_Mipi_Lane_Alignment_Data_reg[5]/C is not reached by a timing clock
Related violations: <none>

TIMING-17#137 Critical Warning
Non-clocked sequential cell  
The clock pin Mipi_Unpacket_Inst0/r_Mipi_Lane_Alignment_Data_reg[6]/C is not reached by a timing clock
Related violations: <none>

TIMING-17#138 Critical Warning
Non-clocked sequential cell  
The clock pin Mipi_Unpacket_Inst0/r_Mipi_Lane_Alignment_Data_reg[7]/C is not reached by a timing clock
Related violations: <none>

TIMING-17#139 Critical Warning
Non-clocked sequential cell  
The clock pin Mipi_Unpacket_Inst0/r_Mipi_Lane_Alignment_Data_reg[8]/C is not reached by a timing clock
Related violations: <none>

TIMING-17#140 Critical Warning
Non-clocked sequential cell  
The clock pin Mipi_Unpacket_Inst0/r_Mipi_Lane_Alignment_Data_reg[9]/C is not reached by a timing clock
Related violations: <none>

TIMING-17#141 Critical Warning
Non-clocked sequential cell  
The clock pin Mipi_Unpacket_Inst0/r_Mipi_Lane_Alignment_Vaild_reg/C is not reached by a timing clock
Related violations: <none>

TIMING-17#142 Critical Warning
Non-clocked sequential cell  
The clock pin Mipi_Unpacket_Inst0/r_O_Mipi_Unpacket_Vaild_reg/C is not reached by a timing clock
Related violations: <none>

TIMING-17#143 Critical Warning
Non-clocked sequential cell  
The clock pin Mipi_Unpacket_Inst0/r_O_Mipi_Unpacket_done_reg/C is not reached by a timing clock
Related violations: <none>

TIMING-17#144 Critical Warning
Non-clocked sequential cell  
The clock pin Mipi_Unpacket_Inst0/r_O_Mipi_Unpacket_done_reg_lopt_replica/C is not reached by a timing clock
Related violations: <none>

TIMING-17#145 Critical Warning
Non-clocked sequential cell  
The clock pin Mipi_Unpacket_Inst0/r_Pose_Mipi_Lane_Alignment_Vaild_reg[0]/C is not reached by a timing clock
Related violations: <none>

TIMING-17#146 Critical Warning
Non-clocked sequential cell  
The clock pin Mipi_Unpacket_Inst0/r_Pose_Mipi_Lane_Alignment_Vaild_reg[1]/C is not reached by a timing clock
Related violations: <none>

TIMING-17#147 Critical Warning
Non-clocked sequential cell  
The clock pin Mipi_Unpacket_Inst0/r_V_sync_reg/C is not reached by a timing clock
Related violations: <none>


